Determining if the pthread_create exist failed with the following output:
Change Dir: /home/qwerty787788/cpp/cg/tests/triangle_segment_intersect/build/CMakeFiles/CMakeTmp

Run Build Command:/usr/bin/make "cmTryCompileExec222777617/fast"
/usr/bin/make -f CMakeFiles/cmTryCompileExec222777617.dir/build.make CMakeFiles/cmTryCompileExec222777617.dir/build
make[1]: Вход в каталог `/home/qwerty787788/cpp/cg/tests/triangle_segment_intersect/build/CMakeFiles/CMakeTmp'
/usr/bin/cmake -E cmake_progress_report /home/qwerty787788/cpp/cg/tests/triangle_segment_intersect/build/CMakeFiles/CMakeTmp/CMakeFiles 1
Building C object CMakeFiles/cmTryCompileExec222777617.dir/CheckSymbolExists.c.o
/usr/bin/gcc    -o CMakeFiles/cmTryCompileExec222777617.dir/CheckSymbolExists.c.o   -c /home/qwerty787788/cpp/cg/tests/triangle_segment_intersect/build/CMakeFiles/CMakeTmp/CheckSymbolExists.c
Linking C executable cmTryCompileExec222777617
/usr/bin/cmake -E cmake_link_script CMakeFiles/cmTryCompileExec222777617.dir/link.txt --verbose=1
/usr/bin/gcc         CMakeFiles/cmTryCompileExec222777617.dir/CheckSymbolExists.c.o  -o cmTryCompileExec222777617 -rdynamic 
CMakeFiles/cmTryCompileExec222777617.dir/CheckSymbolExists.c.o: In function `main':
CheckSymbolExists.c:(.text+0x16): undefined reference to `pthread_create'
collect2: ошибка: выполнение ld завершилось с кодом возврата 1
make[1]: *** [cmTryCompileExec222777617] Ошибка 1
make[1]: Выход из каталога `/home/qwerty787788/cpp/cg/tests/triangle_segment_intersect/build/CMakeFiles/CMakeTmp'
make: *** [cmTryCompileExec222777617/fast] Ошибка 2

File /home/qwerty787788/cpp/cg/tests/triangle_segment_intersect/build/CMakeFiles/CMakeTmp/CheckSymbolExists.c:
/* */
#include <pthread.h>

int main(int argc, char** argv)
{
  (void)argv;
#ifndef pthread_create
  return ((int*)(&pthread_create))[argc];
#else
  (void)argc;
  return 0;
#endif
}

Determining if the function pthread_create exists in the pthreads failed with the following output:
Change Dir: /home/qwerty787788/cpp/cg/tests/triangle_segment_intersect/build/CMakeFiles/CMakeTmp

Run Build Command:/usr/bin/make "cmTryCompileExec3874794988/fast"
/usr/bin/make -f CMakeFiles/cmTryCompileExec3874794988.dir/build.make CMakeFiles/cmTryCompileExec3874794988.dir/build
make[1]: Вход в каталог `/home/qwerty787788/cpp/cg/tests/triangle_segment_intersect/build/CMakeFiles/CMakeTmp'
/usr/bin/cmake -E cmake_progress_report /home/qwerty787788/cpp/cg/tests/triangle_segment_intersect/build/CMakeFiles/CMakeTmp/CMakeFiles 1
Building C object CMakeFiles/cmTryCompileExec3874794988.dir/CheckFunctionExists.c.o
/usr/bin/gcc   -DCHECK_FUNCTION_EXISTS=pthread_create   -o CMakeFiles/cmTryCompileExec3874794988.dir/CheckFunctionExists.c.o   -c /usr/share/cmake-2.8/Modules/CheckFunctionExists.c
Linking C executable cmTryCompileExec3874794988
/usr/bin/cmake -E cmake_link_script CMakeFiles/cmTryCompileExec3874794988.dir/link.txt --verbose=1
/usr/bin/gcc     -DCHECK_FUNCTION_EXISTS=pthread_create    CMakeFiles/cmTryCompileExec3874794988.dir/CheckFunctionExists.c.o  -o cmTryCompileExec3874794988 -rdynamic -lpthreads 
/usr/bin/ld: cannot find -lpthreads
collect2: ошибка: выполнение ld завершилось с кодом возврата 1
make[1]: *** [cmTryCompileExec3874794988] Ошибка 1
make[1]: Выход из каталога `/home/qwerty787788/cpp/cg/tests/triangle_segment_intersect/build/CMakeFiles/CMakeTmp'
make: *** [cmTryCompileExec3874794988/fast] Ошибка 2


