Determining if the pthread_create exist failed with the following output:
Change Dir: /home/qwerty787788/cpp/cg/tests/point_inside_polygon/build/CMakeFiles/CMakeTmp

Run Build Command:/usr/bin/make "cmTryCompileExec891404080/fast"
/usr/bin/make -f CMakeFiles/cmTryCompileExec891404080.dir/build.make CMakeFiles/cmTryCompileExec891404080.dir/build
make[1]: Вход в каталог `/home/qwerty787788/cpp/cg/tests/point_inside_polygon/build/CMakeFiles/CMakeTmp'
/usr/bin/cmake -E cmake_progress_report /home/qwerty787788/cpp/cg/tests/point_inside_polygon/build/CMakeFiles/CMakeTmp/CMakeFiles 1
Building C object CMakeFiles/cmTryCompileExec891404080.dir/CheckSymbolExists.c.o
/usr/bin/gcc    -o CMakeFiles/cmTryCompileExec891404080.dir/CheckSymbolExists.c.o   -c /home/qwerty787788/cpp/cg/tests/point_inside_polygon/build/CMakeFiles/CMakeTmp/CheckSymbolExists.c
Linking C executable cmTryCompileExec891404080
/usr/bin/cmake -E cmake_link_script CMakeFiles/cmTryCompileExec891404080.dir/link.txt --verbose=1
/usr/bin/gcc         CMakeFiles/cmTryCompileExec891404080.dir/CheckSymbolExists.c.o  -o cmTryCompileExec891404080 -rdynamic 
CMakeFiles/cmTryCompileExec891404080.dir/CheckSymbolExists.c.o: In function `main':
CheckSymbolExists.c:(.text+0x16): undefined reference to `pthread_create'
collect2: ошибка: выполнение ld завершилось с кодом возврата 1
make[1]: *** [cmTryCompileExec891404080] Ошибка 1
make[1]: Выход из каталога `/home/qwerty787788/cpp/cg/tests/point_inside_polygon/build/CMakeFiles/CMakeTmp'
make: *** [cmTryCompileExec891404080/fast] Ошибка 2

File /home/qwerty787788/cpp/cg/tests/point_inside_polygon/build/CMakeFiles/CMakeTmp/CheckSymbolExists.c:
/* */
#include <pthread.h>

int main(int argc, char** argv)
{
  (void)argv;
#ifndef pthread_create
  return ((int*)(&pthread_create))[argc];
#else
  (void)argc;
  return 0;
#endif
}

Determining if the function pthread_create exists in the pthreads failed with the following output:
Change Dir: /home/qwerty787788/cpp/cg/tests/point_inside_polygon/build/CMakeFiles/CMakeTmp

Run Build Command:/usr/bin/make "cmTryCompileExec446400625/fast"
/usr/bin/make -f CMakeFiles/cmTryCompileExec446400625.dir/build.make CMakeFiles/cmTryCompileExec446400625.dir/build
make[1]: Вход в каталог `/home/qwerty787788/cpp/cg/tests/point_inside_polygon/build/CMakeFiles/CMakeTmp'
/usr/bin/cmake -E cmake_progress_report /home/qwerty787788/cpp/cg/tests/point_inside_polygon/build/CMakeFiles/CMakeTmp/CMakeFiles 1
Building C object CMakeFiles/cmTryCompileExec446400625.dir/CheckFunctionExists.c.o
/usr/bin/gcc   -DCHECK_FUNCTION_EXISTS=pthread_create   -o CMakeFiles/cmTryCompileExec446400625.dir/CheckFunctionExists.c.o   -c /usr/share/cmake-2.8/Modules/CheckFunctionExists.c
Linking C executable cmTryCompileExec446400625
/usr/bin/cmake -E cmake_link_script CMakeFiles/cmTryCompileExec446400625.dir/link.txt --verbose=1
/usr/bin/gcc     -DCHECK_FUNCTION_EXISTS=pthread_create    CMakeFiles/cmTryCompileExec446400625.dir/CheckFunctionExists.c.o  -o cmTryCompileExec446400625 -rdynamic -lpthreads 
/usr/bin/ld: cannot find -lpthreads
collect2: ошибка: выполнение ld завершилось с кодом возврата 1
make[1]: *** [cmTryCompileExec446400625] Ошибка 1
make[1]: Выход из каталога `/home/qwerty787788/cpp/cg/tests/point_inside_polygon/build/CMakeFiles/CMakeTmp'
make: *** [cmTryCompileExec446400625/fast] Ошибка 2


