Determining if the pthread_create exist failed with the following output:
Change Dir: /home/qwerty787788/cpp/cg/tests/point_inside_triangle/build/CMakeFiles/CMakeTmp

Run Build Command:/usr/bin/make "cmTryCompileExec150046464/fast"
/usr/bin/make -f CMakeFiles/cmTryCompileExec150046464.dir/build.make CMakeFiles/cmTryCompileExec150046464.dir/build
make[1]: Вход в каталог `/home/qwerty787788/cpp/cg/tests/point_inside_triangle/build/CMakeFiles/CMakeTmp'
/usr/bin/cmake -E cmake_progress_report /home/qwerty787788/cpp/cg/tests/point_inside_triangle/build/CMakeFiles/CMakeTmp/CMakeFiles 1
Building C object CMakeFiles/cmTryCompileExec150046464.dir/CheckSymbolExists.c.o
/usr/bin/gcc    -o CMakeFiles/cmTryCompileExec150046464.dir/CheckSymbolExists.c.o   -c /home/qwerty787788/cpp/cg/tests/point_inside_triangle/build/CMakeFiles/CMakeTmp/CheckSymbolExists.c
Linking C executable cmTryCompileExec150046464
/usr/bin/cmake -E cmake_link_script CMakeFiles/cmTryCompileExec150046464.dir/link.txt --verbose=1
/usr/bin/gcc         CMakeFiles/cmTryCompileExec150046464.dir/CheckSymbolExists.c.o  -o cmTryCompileExec150046464 -rdynamic 
CMakeFiles/cmTryCompileExec150046464.dir/CheckSymbolExists.c.o: In function `main':
CheckSymbolExists.c:(.text+0x16): undefined reference to `pthread_create'
collect2: ошибка: выполнение ld завершилось с кодом возврата 1
make[1]: *** [cmTryCompileExec150046464] Ошибка 1
make[1]: Выход из каталога `/home/qwerty787788/cpp/cg/tests/point_inside_triangle/build/CMakeFiles/CMakeTmp'
make: *** [cmTryCompileExec150046464/fast] Ошибка 2

File /home/qwerty787788/cpp/cg/tests/point_inside_triangle/build/CMakeFiles/CMakeTmp/CheckSymbolExists.c:
/* */
#include <pthread.h>

int main(int argc, char** argv)
{
  (void)argv;
#ifndef pthread_create
  return ((int*)(&pthread_create))[argc];
#else
  (void)argc;
  return 0;
#endif
}

Determining if the function pthread_create exists in the pthreads failed with the following output:
Change Dir: /home/qwerty787788/cpp/cg/tests/point_inside_triangle/build/CMakeFiles/CMakeTmp

Run Build Command:/usr/bin/make "cmTryCompileExec1059347392/fast"
/usr/bin/make -f CMakeFiles/cmTryCompileExec1059347392.dir/build.make CMakeFiles/cmTryCompileExec1059347392.dir/build
make[1]: Вход в каталог `/home/qwerty787788/cpp/cg/tests/point_inside_triangle/build/CMakeFiles/CMakeTmp'
/usr/bin/cmake -E cmake_progress_report /home/qwerty787788/cpp/cg/tests/point_inside_triangle/build/CMakeFiles/CMakeTmp/CMakeFiles 1
Building C object CMakeFiles/cmTryCompileExec1059347392.dir/CheckFunctionExists.c.o
/usr/bin/gcc   -DCHECK_FUNCTION_EXISTS=pthread_create   -o CMakeFiles/cmTryCompileExec1059347392.dir/CheckFunctionExists.c.o   -c /usr/share/cmake-2.8/Modules/CheckFunctionExists.c
Linking C executable cmTryCompileExec1059347392
/usr/bin/cmake -E cmake_link_script CMakeFiles/cmTryCompileExec1059347392.dir/link.txt --verbose=1
/usr/bin/gcc     -DCHECK_FUNCTION_EXISTS=pthread_create    CMakeFiles/cmTryCompileExec1059347392.dir/CheckFunctionExists.c.o  -o cmTryCompileExec1059347392 -rdynamic -lpthreads 
/usr/bin/ld: cannot find -lpthreads
collect2: ошибка: выполнение ld завершилось с кодом возврата 1
make[1]: *** [cmTryCompileExec1059347392] Ошибка 1
make[1]: Выход из каталога `/home/qwerty787788/cpp/cg/tests/point_inside_triangle/build/CMakeFiles/CMakeTmp'
make: *** [cmTryCompileExec1059347392/fast] Ошибка 2


