Determining if the pthread_create exist failed with the following output:
Change Dir: /home/qwerty787788/cpp/cg/tests/rectangle_segment_intersect/build/CMakeFiles/CMakeTmp

Run Build Command:/usr/bin/make "cmTryCompileExec678943272/fast"
/usr/bin/make -f CMakeFiles/cmTryCompileExec678943272.dir/build.make CMakeFiles/cmTryCompileExec678943272.dir/build
make[1]: Вход в каталог `/home/qwerty787788/cpp/cg/tests/rectangle_segment_intersect/build/CMakeFiles/CMakeTmp'
/usr/bin/cmake -E cmake_progress_report /home/qwerty787788/cpp/cg/tests/rectangle_segment_intersect/build/CMakeFiles/CMakeTmp/CMakeFiles 1
Building C object CMakeFiles/cmTryCompileExec678943272.dir/CheckSymbolExists.c.o
/usr/bin/gcc    -o CMakeFiles/cmTryCompileExec678943272.dir/CheckSymbolExists.c.o   -c /home/qwerty787788/cpp/cg/tests/rectangle_segment_intersect/build/CMakeFiles/CMakeTmp/CheckSymbolExists.c
Linking C executable cmTryCompileExec678943272
/usr/bin/cmake -E cmake_link_script CMakeFiles/cmTryCompileExec678943272.dir/link.txt --verbose=1
/usr/bin/gcc         CMakeFiles/cmTryCompileExec678943272.dir/CheckSymbolExists.c.o  -o cmTryCompileExec678943272 -rdynamic 
CMakeFiles/cmTryCompileExec678943272.dir/CheckSymbolExists.c.o: In function `main':
CheckSymbolExists.c:(.text+0x16): undefined reference to `pthread_create'
collect2: ошибка: выполнение ld завершилось с кодом возврата 1
make[1]: *** [cmTryCompileExec678943272] Ошибка 1
make[1]: Выход из каталога `/home/qwerty787788/cpp/cg/tests/rectangle_segment_intersect/build/CMakeFiles/CMakeTmp'
make: *** [cmTryCompileExec678943272/fast] Ошибка 2

File /home/qwerty787788/cpp/cg/tests/rectangle_segment_intersect/build/CMakeFiles/CMakeTmp/CheckSymbolExists.c:
/* */
#include <pthread.h>

int main(int argc, char** argv)
{
  (void)argv;
#ifndef pthread_create
  return ((int*)(&pthread_create))[argc];
#else
  (void)argc;
  return 0;
#endif
}

Determining if the function pthread_create exists in the pthreads failed with the following output:
Change Dir: /home/qwerty787788/cpp/cg/tests/rectangle_segment_intersect/build/CMakeFiles/CMakeTmp

Run Build Command:/usr/bin/make "cmTryCompileExec599732042/fast"
/usr/bin/make -f CMakeFiles/cmTryCompileExec599732042.dir/build.make CMakeFiles/cmTryCompileExec599732042.dir/build
make[1]: Вход в каталог `/home/qwerty787788/cpp/cg/tests/rectangle_segment_intersect/build/CMakeFiles/CMakeTmp'
/usr/bin/cmake -E cmake_progress_report /home/qwerty787788/cpp/cg/tests/rectangle_segment_intersect/build/CMakeFiles/CMakeTmp/CMakeFiles 1
Building C object CMakeFiles/cmTryCompileExec599732042.dir/CheckFunctionExists.c.o
/usr/bin/gcc   -DCHECK_FUNCTION_EXISTS=pthread_create   -o CMakeFiles/cmTryCompileExec599732042.dir/CheckFunctionExists.c.o   -c /usr/share/cmake-2.8/Modules/CheckFunctionExists.c
Linking C executable cmTryCompileExec599732042
/usr/bin/cmake -E cmake_link_script CMakeFiles/cmTryCompileExec599732042.dir/link.txt --verbose=1
/usr/bin/gcc     -DCHECK_FUNCTION_EXISTS=pthread_create    CMakeFiles/cmTryCompileExec599732042.dir/CheckFunctionExists.c.o  -o cmTryCompileExec599732042 -rdynamic -lpthreads 
/usr/bin/ld: cannot find -lpthreads
collect2: ошибка: выполнение ld завершилось с кодом возврата 1
make[1]: *** [cmTryCompileExec599732042] Ошибка 1
make[1]: Выход из каталога `/home/qwerty787788/cpp/cg/tests/rectangle_segment_intersect/build/CMakeFiles/CMakeTmp'
make: *** [cmTryCompileExec599732042/fast] Ошибка 2


