Determining if the pthread_create exist failed with the following output:
Change Dir: /home/qwerty787788/cpp/cg/tests/segment_intersection/build/CMakeFiles/CMakeTmp

Run Build Command:/usr/bin/make "cmTryCompileExec3388210553/fast"
/usr/bin/make -f CMakeFiles/cmTryCompileExec3388210553.dir/build.make CMakeFiles/cmTryCompileExec3388210553.dir/build
make[1]: Вход в каталог `/home/qwerty787788/cpp/cg/tests/segment_intersection/build/CMakeFiles/CMakeTmp'
/usr/bin/cmake -E cmake_progress_report /home/qwerty787788/cpp/cg/tests/segment_intersection/build/CMakeFiles/CMakeTmp/CMakeFiles 1
Building C object CMakeFiles/cmTryCompileExec3388210553.dir/CheckSymbolExists.c.o
/usr/bin/gcc    -o CMakeFiles/cmTryCompileExec3388210553.dir/CheckSymbolExists.c.o   -c /home/qwerty787788/cpp/cg/tests/segment_intersection/build/CMakeFiles/CMakeTmp/CheckSymbolExists.c
Linking C executable cmTryCompileExec3388210553
/usr/bin/cmake -E cmake_link_script CMakeFiles/cmTryCompileExec3388210553.dir/link.txt --verbose=1
/usr/bin/gcc         CMakeFiles/cmTryCompileExec3388210553.dir/CheckSymbolExists.c.o  -o cmTryCompileExec3388210553 -rdynamic 
CMakeFiles/cmTryCompileExec3388210553.dir/CheckSymbolExists.c.o: In function `main':
CheckSymbolExists.c:(.text+0x16): undefined reference to `pthread_create'
collect2: ошибка: выполнение ld завершилось с кодом возврата 1
make[1]: *** [cmTryCompileExec3388210553] Ошибка 1
make[1]: Выход из каталога `/home/qwerty787788/cpp/cg/tests/segment_intersection/build/CMakeFiles/CMakeTmp'
make: *** [cmTryCompileExec3388210553/fast] Ошибка 2

File /home/qwerty787788/cpp/cg/tests/segment_intersection/build/CMakeFiles/CMakeTmp/CheckSymbolExists.c:
/* */
#include <pthread.h>

int main(int argc, char** argv)
{
  (void)argv;
#ifndef pthread_create
  return ((int*)(&pthread_create))[argc];
#else
  (void)argc;
  return 0;
#endif
}

Determining if the function pthread_create exists in the pthreads failed with the following output:
Change Dir: /home/qwerty787788/cpp/cg/tests/segment_intersection/build/CMakeFiles/CMakeTmp

Run Build Command:/usr/bin/make "cmTryCompileExec4017415188/fast"
/usr/bin/make -f CMakeFiles/cmTryCompileExec4017415188.dir/build.make CMakeFiles/cmTryCompileExec4017415188.dir/build
make[1]: Вход в каталог `/home/qwerty787788/cpp/cg/tests/segment_intersection/build/CMakeFiles/CMakeTmp'
/usr/bin/cmake -E cmake_progress_report /home/qwerty787788/cpp/cg/tests/segment_intersection/build/CMakeFiles/CMakeTmp/CMakeFiles 1
Building C object CMakeFiles/cmTryCompileExec4017415188.dir/CheckFunctionExists.c.o
/usr/bin/gcc   -DCHECK_FUNCTION_EXISTS=pthread_create   -o CMakeFiles/cmTryCompileExec4017415188.dir/CheckFunctionExists.c.o   -c /usr/share/cmake-2.8/Modules/CheckFunctionExists.c
Linking C executable cmTryCompileExec4017415188
/usr/bin/cmake -E cmake_link_script CMakeFiles/cmTryCompileExec4017415188.dir/link.txt --verbose=1
/usr/bin/gcc     -DCHECK_FUNCTION_EXISTS=pthread_create    CMakeFiles/cmTryCompileExec4017415188.dir/CheckFunctionExists.c.o  -o cmTryCompileExec4017415188 -rdynamic -lpthreads 
/usr/bin/ld: cannot find -lpthreads
collect2: ошибка: выполнение ld завершилось с кодом возврата 1
make[1]: *** [cmTryCompileExec4017415188] Ошибка 1
make[1]: Выход из каталога `/home/qwerty787788/cpp/cg/tests/segment_intersection/build/CMakeFiles/CMakeTmp'
make: *** [cmTryCompileExec4017415188/fast] Ошибка 2


